INFO 2017-10-13 19:04:42,682 basehttp 12155 140689860814592 "GET / HTTP/1.1" 200 6900
WARNING 2017-10-13 19:04:44,946 basehttp 12155 140689852421888 "GET /favicon.ico HTTP/1.1" 404 5291
INFO 2017-10-14 08:53:48,759 basehttp 3869 140682794628864 "GET / HTTP/1.1" 200 6900
WARNING 2017-10-14 08:53:50,621 basehttp 3869 140682786236160 "GET /favicon.ico HTTP/1.1" 404 5291
INFO 2017-10-14 08:53:57,437 basehttp 3869 140682777843456 "POST / HTTP/1.1" 200 6990
INFO 2017-10-14 08:54:59,649 basehttp 3960 139655515322112 "POST / HTTP/1.1" 302 0
INFO 2017-10-14 08:55:00,462 basehttp 3960 139655515322112 "GET / HTTP/1.1" 200 6939
INFO 2017-10-14 08:55:00,634 basehttp 3960 139655515322112 "GET /media/profile_image/no_profile.jpg HTTP/1.1" 200 6569
INFO 2017-10-14 08:55:02,134 basehttp 3960 139655515322112 "GET /api HTTP/1.1" 301 0
INFO 2017-10-14 08:55:02,254 basehttp 3960 139655500809984 "GET /api/ HTTP/1.1" 200 6191
WARNING 2017-10-14 08:57:12,571 basehttp 3960 139655500809984 "POST /api/api-token-auth/ HTTP/1.1" 400 79
WARNING 2017-10-14 08:57:56,032 basehttp 3960 139655500809984 "POST /api/api-token-auth/ HTTP/1.1" 400 79
WARNING 2017-10-14 08:59:09,092 basehttp 3960 139655500809984 "POST /api/api-token-auth/ HTTP/1.1" 400 79
INFO 2017-10-14 09:00:22,694 basehttp 3960 139655282419456 "POST /api/api-token-auth/ HTTP/1.1" 200 52
WARNING 2017-10-14 09:40:11,618 csrf 5315 140475073091328 Forbidden (CSRF cookie not set.): /api/api-token-auth/
WARNING 2017-10-14 09:40:11,693 basehttp 5315 140475073091328 "POST /api/api-token-auth/ HTTP/1.1" 403 2857
WARNING 2017-10-14 09:40:38,579 csrf 5315 140475073091328 Forbidden (CSRF cookie not set.): /api/api-token-auth/
WARNING 2017-10-14 09:40:38,596 basehttp 5315 140475073091328 "POST /api/api-token-auth/ HTTP/1.1" 403 2857
INFO 2017-10-14 09:40:48,703 basehttp 5315 140475073091328 "GET /api/ HTTP/1.1" 200 5679
INFO 2017-10-14 09:40:54,317 basehttp 5315 140475062249216 "OPTIONS /api/ HTTP/1.1" 200 5952
INFO 2017-10-14 09:40:58,510 basehttp 5315 140475053856512 "GET /api/ HTTP/1.1" 200 5679
WARNING 2017-10-14 09:41:14,414 basehttp 5315 140475053856512 "GET /api/docs/ HTTP/1.1" 404 7029
INFO 2017-10-14 09:42:07,283 basehttp 5315 140475073091328 "GET /api/users/ HTTP/1.1" 200 5984
INFO 2017-10-14 09:42:12,535 basehttp 5315 140475062249216 "GET /api/users/1 HTTP/1.1" 301 0
INFO 2017-10-14 09:42:12,647 basehttp 5315 140475053856512 "GET /api/users/1/ HTTP/1.1" 200 6114
ERROR 2017-10-14 09:42:21,688 basehttp 5315 140475053856512 "GET /api/api-token-auth/ HTTP/1.1" 500 69551
WARNING 2017-10-14 09:43:49,906 csrf 5421 140617363486464 Forbidden (CSRF cookie not set.): /api/api-token-auth/
WARNING 2017-10-14 09:43:49,938 basehttp 5421 140617363486464 "POST /api/api-token-auth/ HTTP/1.1" 403 2857
ERROR 2017-10-14 09:43:55,361 basehttp 5421 140617363486464 "GET /api/api-token-auth/ HTTP/1.1" 500 69491
WARNING 2017-10-14 09:44:56,698 csrf 5483 140172323882752 Forbidden (CSRF cookie not set.): /api/api-token-auth/
WARNING 2017-10-14 09:44:56,734 basehttp 5483 140172323882752 "POST /api/api-token-auth/ HTTP/1.1" 403 2857
ERROR 2017-10-14 09:45:02,619 basehttp 5483 140172323882752 "GET /api/api-token-auth/ HTTP/1.1" 500 69491
ERROR 2017-10-14 09:45:34,344 basehttp 5514 140577648445184 "GET /api/api-token-auth/ HTTP/1.1" 500 69491
WARNING 2017-10-14 09:48:49,808 csrf 5633 140360068101888 Forbidden (CSRF cookie not set.): /api/api-token-auth/
WARNING 2017-10-14 09:48:49,839 basehttp 5633 140360068101888 "POST /api/api-token-auth/ HTTP/1.1" 403 2857
WARNING 2017-10-14 09:48:57,346 csrf 5633 140360068101888 Forbidden (CSRF cookie not set.): /api/api-token-auth/
WARNING 2017-10-14 09:48:57,360 basehttp 5633 140360068101888 "POST /api/api-token-auth/ HTTP/1.1" 403 2857
WARNING 2017-10-14 09:49:19,490 csrf 5633 140360068101888 Forbidden (CSRF cookie not set.): /api/api-token-auth/
WARNING 2017-10-14 09:49:19,502 basehttp 5633 140360068101888 "POST /api/api-token-auth/ HTTP/1.1" 403 2857
ERROR 2017-10-14 09:52:57,390 basehttp 5726 140270408513280 "GET /api/api-token-auth/ HTTP/1.1" 500 69491
WARNING 2017-10-14 09:53:08,776 csrf 5748 140651824695040 Forbidden (CSRF cookie not set.): /api/api-token-auth/
WARNING 2017-10-14 09:53:08,810 basehttp 5748 140651824695040 "POST /api/api-token-auth/ HTTP/1.1" 403 2857
ERROR 2017-10-14 09:53:14,985 basehttp 5748 140651824695040 "GET /api/api-token-auth/ HTTP/1.1" 500 69491
WARNING 2017-10-14 09:55:59,436 csrf 5808 140484217353984 Forbidden (CSRF cookie not set.): /api/api-token-auth/
WARNING 2017-10-14 09:55:59,472 basehttp 5808 140484217353984 "POST /api/api-token-auth/ HTTP/1.1" 403 2857
WARNING 2017-10-14 09:56:27,512 csrf 5821 140623579342592 Forbidden (CSRF cookie not set.): /api/api-token-auth/
WARNING 2017-10-14 09:56:27,542 basehttp 5821 140623579342592 "POST /api/api-token-auth/ HTTP/1.1" 403 2857
WARNING 2017-10-14 09:56:43,555 csrf 5856 140272256497408 Forbidden (CSRF cookie not set.): /api/api-token-auth/
WARNING 2017-10-14 09:56:43,586 basehttp 5856 140272256497408 "POST /api/api-token-auth/ HTTP/1.1" 403 2857
INFO 2017-10-14 09:58:14,443 basehttp 5876 140359933359872 "GET /api/userss HTTP/1.1" 301 0
WARNING 2017-10-14 09:58:15,287 basehttp 5876 140359933359872 "GET /api/userss/ HTTP/1.1" 401 5633
INFO 2017-10-14 09:58:19,306 basehttp 5876 140359933359872 "GET /api/userss/1 HTTP/1.1" 301 0
WARNING 2017-10-14 09:58:19,405 basehttp 5876 140359933359872 "GET /api/userss/1/ HTTP/1.1" 401 5786
WARNING 2017-10-14 09:58:25,136 basehttp 5876 140359933359872 "GET /api/userss/1/ HTTP/1.1" 401 5786
WARNING 2017-10-14 09:58:30,732 basehttp 5876 140359933359872 "GET /api/users/1/ HTTP/1.1" 404 7038
WARNING 2017-10-14 09:58:41,886 basehttp 5876 140359933359872 "GET /api/userss/1/1 HTTP/1.1" 404 7044
WARNING 2017-10-14 09:59:15,612 basehttp 5930 140242479740672 "GET /api/userss/1/1 HTTP/1.1" 404 7048
INFO 2017-10-14 09:59:31,709 basehttp 5930 140242479740672 "GET /api?format=jsno HTTP/1.1" 301 0
WARNING 2017-10-14 09:59:31,748 basehttp 5930 140242479740672 "GET /api/?format=jsno HTTP/1.1" 404 35
WARNING 2017-10-14 09:59:35,704 basehttp 5930 140242479740672 "GET /api/?format=json HTTP/1.1" 401 96
INFO 2017-10-14 09:59:41,550 basehttp 5930 140242479740672 "GET / HTTP/1.1" 200 6939
INFO 2017-10-14 09:59:44,178 basehttp 5930 140242479740672 "POST /i18n/setlang/ HTTP/1.1" 302 0
INFO 2017-10-14 09:59:44,303 basehttp 5930 140242479740672 "GET / HTTP/1.1" 200 6785
INFO 2017-10-14 09:59:53,404 basehttp 5930 140242479740672 "GET /api?format=json HTTP/1.1" 301 0
WARNING 2017-10-14 09:59:53,443 basehttp 5930 140242464704256 "GET /api/?format=json HTTP/1.1" 401 58
WARNING 2017-10-14 09:59:58,348 basehttp 5930 140242456311552 "GET /api/ HTTP/1.1" 401 5373
WARNING 2017-10-14 10:00:03,297 basehttp 5930 140242447918848 "GET /api/userss/ HTTP/1.1" 401 5595
WARNING 2017-10-14 10:00:05,292 basehttp 5930 140242464704256 "GET /api/userss/1/ HTTP/1.1" 401 5748
WARNING 2017-10-14 10:00:28,347 basehttp 6013 140334964778752 "GET /api/users/ HTTP/1.1" 401 58
WARNING 2017-10-14 10:00:35,743 csrf 6013 140334964778752 Forbidden (CSRF cookie not set.): /api/api-token-auth/
WARNING 2017-10-14 10:00:35,793 basehttp 6013 140334964778752 "POST /api/api-token-auth/ HTTP/1.1" 403 2857
INFO 2017-10-14 10:01:09,809 basehttp 6013 140334964778752 "GET /admin HTTP/1.1" 301 0
INFO 2017-10-14 10:01:10,739 basehttp 6013 140334964778752 "GET /admin/ HTTP/1.1" 200 7499
INFO 2017-10-14 10:01:14,026 basehttp 6013 140334964778752 "GET /admin/authtoken/token/ HTTP/1.1" 200 5393
INFO 2017-10-14 10:01:14,253 basehttp 6013 140334964778752 "GET /admin/jsi18n/ HTTP/1.1" 200 3189
INFO 2017-10-14 10:01:31,648 basehttp 6013 140334964778752 "GET /admin/ HTTP/1.1" 200 7499
INFO 2017-10-14 10:01:38,998 basehttp 6013 140334964778752 "GET / HTTP/1.1" 200 6785
WARNING 2017-10-14 10:02:03,312 csrf 6013 140334964778752 Forbidden (CSRF cookie not set.): /api/api-token-auth/
WARNING 2017-10-14 10:02:03,324 basehttp 6013 140334964778752 "POST /api/api-token-auth/ HTTP/1.1" 403 2857
WARNING 2017-10-14 10:03:10,040 basehttp 6013 140334964778752 "POST /api/users/ HTTP/1.1" 405 41
INFO 2017-10-14 10:03:21,943 basehttp 6013 140334964778752 "GET /api/users/ HTTP/1.1" 200 60
WARNING 2017-10-14 10:03:38,172 csrf 6013 140334964778752 Forbidden (CSRF cookie not set.): /api/api-token-auth/
WARNING 2017-10-14 10:03:38,186 basehttp 6013 140334964778752 "POST /api/api-token-auth/ HTTP/1.1" 403 2857
INFO 2017-10-14 10:03:48,198 basehttp 6013 140334964778752 "GET /admin/ HTTP/1.1" 200 7499
INFO 2017-10-14 10:03:50,655 basehttp 6013 140334964778752 "GET /admin/authtoken/token/ HTTP/1.1" 200 5393
INFO 2017-10-14 10:03:50,747 basehttp 6013 140334964778752 "GET /admin/jsi18n/ HTTP/1.1" 200 3189
INFO 2017-10-14 10:03:56,770 basehttp 6013 140334964778752 "POST /admin/authtoken/token/ HTTP/1.1" 200 3711
INFO 2017-10-14 10:03:58,804 basehttp 6013 140334964778752 "POST /admin/authtoken/token/ HTTP/1.1" 302 0
INFO 2017-10-14 10:03:58,978 basehttp 6013 140334964778752 "GET /admin/authtoken/token/ HTTP/1.1" 200 3614
INFO 2017-10-14 10:03:59,060 basehttp 6013 140334964778752 "GET /admin/jsi18n/ HTTP/1.1" 200 3189
WARNING 2017-10-14 10:04:07,433 basehttp 6013 140334964778752 "GET /api/users/ HTTP/1.1" 401 27
WARNING 2017-10-14 10:04:16,814 csrf 6013 140334964778752 Forbidden (CSRF cookie not set.): /api/api-token-auth/
WARNING 2017-10-14 10:04:16,835 basehttp 6013 140334964778752 "POST /api/api-token-auth/ HTTP/1.1" 403 2857
INFO 2017-10-14 10:04:24,453 basehttp 6013 140334964778752 "GET /admin/authtoken/token/ HTTP/1.1" 200 3493
INFO 2017-10-14 10:04:24,542 basehttp 6013 140334964778752 "GET /admin/jsi18n/ HTTP/1.1" 200 3189
INFO 2017-10-14 10:04:26,964 basehttp 6013 140334964778752 "GET /admin/authtoken/token/ HTTP/1.1" 200 3493
INFO 2017-10-14 10:04:27,042 basehttp 6013 140334964778752 "GET /admin/jsi18n/ HTTP/1.1" 200 3189
INFO 2017-10-14 10:04:28,242 basehttp 6013 140334964778752 "GET /admin/ HTTP/1.1" 200 7808
WARNING 2017-10-14 10:05:33,988 csrf 6013 140334964778752 Forbidden (CSRF cookie not set.): /api/api-token-auth/
WARNING 2017-10-14 10:05:34,004 basehttp 6013 140334964778752 "POST /api/api-token-auth/ HTTP/1.1" 403 2857
ERROR 2017-10-14 10:06:41,247 basehttp 6262 140015183591168 "POST /api/api-token-auth/ HTTP/1.1" 500 71667
ERROR 2017-10-14 10:06:45,465 basehttp 6262 140015183591168 "POST /api/api-token-auth/ HTTP/1.1" 500 71667
ERROR 2017-10-14 10:08:15,262 basehttp 6321 139673116796672 "POST /api/api-token-auth/ HTTP/1.1" 500 71667
ERROR 2017-10-14 10:09:36,307 basehttp 6396 140085226604288 "POST /api/api-token-auth/ HTTP/1.1" 500 18337
INFO 2017-10-14 10:10:08,500 basehttp 6422 140082036078336 "POST /api/api-token-auth/ HTTP/1.1" 200 66
INFO 2017-10-14 10:10:19,031 basehttp 6422 140082036078336 "GET /admin/ HTTP/1.1" 200 7808
INFO 2017-10-14 10:10:20,203 basehttp 6422 140082036078336 "GET /admin/authtoken/token/ HTTP/1.1" 200 5394
INFO 2017-10-14 10:10:20,299 basehttp 6422 140082036078336 "GET /admin/jsi18n/ HTTP/1.1" 200 3189
INFO 2017-10-14 10:10:23,770 basehttp 6422 140082036078336 "GET / HTTP/1.1" 200 6785
INFO 2017-10-14 10:12:18,090 basehttp 6482 140626691618560 "POST /api/api-token-auth/ HTTP/1.1" 200 66
WARNING 2017-10-14 10:13:34,177 basehttp 6527 139948974065408 "GET /api/api-token-auth/ HTTP/1.1" 405 40
INFO 2017-10-14 10:13:43,327 basehttp 6527 139948974065408 "GET / HTTP/1.1" 200 6785
